2021-07-28 13:00:42.502 [main] INFO 
            com.atguigu.eduservice.EduApplication - Starting EduApplication using Java 1.8.0_271 on hgkhgkhgk with PID 4248 (D:\Idea\guli_parent\service\service_edu\target\classes started by ASUS in D:\Idea\guli_parent)
2021-07-28 13:00:42.507 [main] INFO 
            com.atguigu.eduservice.EduApplication - The following profiles are active: dev
2021-07-28 13:00:43.257 [main] INFO 
            o.s.d.r.config.RepositoryConfigurationDelegate - Multiple Spring Data modules found, entering strict repository configuration mode!
2021-07-28 13:00:43.260 [main] INFO 
            o.s.d.r.config.RepositoryConfigurationDelegate - Bootstrapping Spring Data Redis repositories in DEFAULT mode.
2021-07-28 13:00:43.280 [main] INFO 
            o.s.d.r.config.RepositoryConfigurationDelegate - Finished Spring Data repository scanning in 6 ms. Found 0 Redis repository interfaces.
2021-07-28 13:00:43.651 [main] INFO 
            o.s.boot.web.embedded.tomcat.TomcatWebServer - Tomcat initialized with port(s): 8001 (http)
2021-07-28 13:00:43.658 [main] INFO 
            org.apache.coyote.http11.Http11NioProtocol - Initializing ProtocolHandler ["http-nio-8001"]
2021-07-28 13:00:43.659 [main] INFO 
            org.apache.catalina.core.StandardService - Starting service [Tomcat]
2021-07-28 13:00:43.659 [main] INFO 
            org.apache.catalina.core.StandardEngine - Starting Servlet engine: [Apache Tomcat/9.0.46]
2021-07-28 13:00:43.728 [main] INFO 
            o.a.c.core.ContainerBase.[Tomcat].[localhost].[/] - Initializing Spring embedded WebApplicationContext
2021-07-28 13:00:43.728 [main] INFO 
            o.s.b.w.s.c.ServletWebServerApplicationContext - Root WebApplicationContext: initialization completed in 1178 ms
2021-07-28 13:00:43.873 [main] INFO 
            com.zaxxer.hikari.HikariDataSource - HikariPool-1 - Starting...
2021-07-28 13:00:44.377 [main] INFO 
            com.zaxxer.hikari.HikariDataSource - HikariPool-1 - Start completed.
2021-07-28 13:00:44.752 [main] INFO 
            s.d.s.w.PropertySourcedRequestMappingHandlerMapping - Mapped URL path [/v2/api-docs] onto method [springfox.documentation.swagger2.web.Swagger2Controller#getDocumentation(String, HttpServletRequest)]
2021-07-28 13:00:45.206 [main] INFO 
            org.apache.coyote.http11.Http11NioProtocol - Starting ProtocolHandler ["http-nio-8001"]
2021-07-28 13:00:45.229 [main] INFO 
            o.s.boot.web.embedded.tomcat.TomcatWebServer - Tomcat started on port(s): 8001 (http) with context path ''
2021-07-28 13:00:45.230 [main] INFO 
            s.d.s.web.plugins.DocumentationPluginsBootstrapper - Context refreshed
2021-07-28 13:00:45.240 [main] INFO 
            s.d.s.web.plugins.DocumentationPluginsBootstrapper - Found 1 custom documentation plugin(s)
2021-07-28 13:00:45.264 [main] INFO 
            s.d.spring.web.scanners.ApiListingReferenceScanner - Scanning for api listing references
2021-07-28 13:00:45.384 [main] INFO 
            com.atguigu.eduservice.EduApplication - Started EduApplication in 3.259 seconds (JVM running for 4.003)
2021-07-28 13:03:40.709 [http-nio-8001-exec-1] INFO 
            o.a.c.core.ContainerBase.[Tomcat].[localhost].[/] - Initializing Spring DispatcherServlet 'dispatcherServlet'
2021-07-28 13:03:40.710 [http-nio-8001-exec-1] INFO 
            org.springframework.web.servlet.DispatcherServlet - Initializing Servlet 'dispatcherServlet'
2021-07-28 13:03:40.711 [http-nio-8001-exec-1] INFO 
            org.springframework.web.servlet.DispatcherServlet - Completed initialization in 1 ms
2021-07-28 13:24:17.439 [main] INFO 
            com.atguigu.eduservice.EduApplication - Starting EduApplication using Java 1.8.0_271 on hgkhgkhgk with PID 17900 (D:\Idea\guli_parent\service\service_edu\target\classes started by ASUS in D:\Idea\guli_parent)
2021-07-28 13:24:17.442 [main] INFO 
            com.atguigu.eduservice.EduApplication - The following profiles are active: dev
2021-07-28 13:24:18.080 [main] INFO 
            o.s.d.r.config.RepositoryConfigurationDelegate - Multiple Spring Data modules found, entering strict repository configuration mode!
2021-07-28 13:24:18.081 [main] INFO 
            o.s.d.r.config.RepositoryConfigurationDelegate - Bootstrapping Spring Data Redis repositories in DEFAULT mode.
2021-07-28 13:24:18.096 [main] INFO 
            o.s.d.r.config.RepositoryConfigurationDelegate - Finished Spring Data repository scanning in 6 ms. Found 0 Redis repository interfaces.
2021-07-28 13:24:18.445 [main] INFO 
            o.s.boot.web.embedded.tomcat.TomcatWebServer - Tomcat initialized with port(s): 8001 (http)
2021-07-28 13:24:18.451 [main] INFO 
            org.apache.coyote.http11.Http11NioProtocol - Initializing ProtocolHandler ["http-nio-8001"]
2021-07-28 13:24:18.452 [main] INFO 
            org.apache.catalina.core.StandardService - Starting service [Tomcat]
2021-07-28 13:24:18.452 [main] INFO 
            org.apache.catalina.core.StandardEngine - Starting Servlet engine: [Apache Tomcat/9.0.46]
2021-07-28 13:24:18.522 [main] INFO 
            o.a.c.core.ContainerBase.[Tomcat].[localhost].[/] - Initializing Spring embedded WebApplicationContext
2021-07-28 13:24:18.522 [main] INFO 
            o.s.b.w.s.c.ServletWebServerApplicationContext - Root WebApplicationContext: initialization completed in 1041 ms
2021-07-28 13:24:18.657 [main] INFO 
            com.zaxxer.hikari.HikariDataSource - HikariPool-1 - Starting...
2021-07-28 13:24:19.095 [main] INFO 
            com.zaxxer.hikari.HikariDataSource - HikariPool-1 - Start completed.
2021-07-28 13:24:19.443 [main] INFO 
            s.d.s.w.PropertySourcedRequestMappingHandlerMapping - Mapped URL path [/v2/api-docs] onto method [springfox.documentation.swagger2.web.Swagger2Controller#getDocumentation(String, HttpServletRequest)]
2021-07-28 13:24:19.831 [main] INFO 
            org.apache.coyote.http11.Http11NioProtocol - Starting ProtocolHandler ["http-nio-8001"]
2021-07-28 13:24:19.852 [main] INFO 
            o.s.boot.web.embedded.tomcat.TomcatWebServer - Tomcat started on port(s): 8001 (http) with context path ''
2021-07-28 13:24:19.854 [main] INFO 
            s.d.s.web.plugins.DocumentationPluginsBootstrapper - Context refreshed
2021-07-28 13:24:19.864 [main] INFO 
            s.d.s.web.plugins.DocumentationPluginsBootstrapper - Found 1 custom documentation plugin(s)
2021-07-28 13:24:19.889 [main] INFO 
            s.d.spring.web.scanners.ApiListingReferenceScanner - Scanning for api listing references
2021-07-28 13:24:20.006 [main] INFO 
            com.atguigu.eduservice.EduApplication - Started EduApplication in 2.919 seconds (JVM running for 3.531)
2021-07-28 13:24:39.205 [http-nio-8001-exec-1] INFO 
            o.a.c.core.ContainerBase.[Tomcat].[localhost].[/] - Initializing Spring DispatcherServlet 'dispatcherServlet'
2021-07-28 13:24:39.205 [http-nio-8001-exec-1] INFO 
            org.springframework.web.servlet.DispatcherServlet - Initializing Servlet 'dispatcherServlet'
2021-07-28 13:24:39.206 [http-nio-8001-exec-1] INFO 
            org.springframework.web.servlet.DispatcherServlet - Completed initialization in 1 ms
