2021-07-01 10:41:46.746 [main] INFO 
            com.atguigu.eduservice.EduApplication - Starting EduApplication using Java 1.8.0_271 on hgkhgkhgk with PID 15632 (D:\Idea\guli_parent\service\service_edu\target\classes started by ASUS in D:\Idea\guli_parent)
2021-07-01 10:41:46.751 [main] INFO 
            com.atguigu.eduservice.EduApplication - The following profiles are active: dev
2021-07-01 10:41:47.518 [main] INFO 
            o.s.d.r.config.RepositoryConfigurationDelegate - Multiple Spring Data modules found, entering strict repository configuration mode!
2021-07-01 10:41:47.520 [main] INFO 
            o.s.d.r.config.RepositoryConfigurationDelegate - Bootstrapping Spring Data Redis repositories in DEFAULT mode.
2021-07-01 10:41:47.539 [main] INFO 
            o.s.d.r.config.RepositoryConfigurationDelegate - Finished Spring Data repository scanning in 6 ms. Found 0 Redis repository interfaces.
2021-07-01 10:41:47.990 [main] INFO 
            o.s.boot.web.embedded.tomcat.TomcatWebServer - Tomcat initialized with port(s): 8001 (http)
2021-07-01 10:41:47.999 [main] INFO 
            org.apache.coyote.http11.Http11NioProtocol - Initializing ProtocolHandler ["http-nio-8001"]
2021-07-01 10:41:47.999 [main] INFO 
            org.apache.catalina.core.StandardService - Starting service [Tomcat]
2021-07-01 10:41:47.999 [main] INFO 
            org.apache.catalina.core.StandardEngine - Starting Servlet engine: [Apache Tomcat/9.0.46]
2021-07-01 10:41:48.075 [main] INFO 
            o.a.c.core.ContainerBase.[Tomcat].[localhost].[/] - Initializing Spring embedded WebApplicationContext
2021-07-01 10:41:48.075 [main] INFO 
            o.s.b.w.s.c.ServletWebServerApplicationContext - Root WebApplicationContext: initialization completed in 1287 ms
2021-07-01 10:41:48.267 [main] INFO 
            com.zaxxer.hikari.HikariDataSource - HikariPool-1 - Starting...
2021-07-01 10:41:48.833 [main] INFO 
            com.zaxxer.hikari.HikariDataSource - HikariPool-1 - Start completed.
2021-07-01 10:41:49.245 [main] INFO 
            s.d.s.w.PropertySourcedRequestMappingHandlerMapping - Mapped URL path [/v2/api-docs] onto method [springfox.documentation.swagger2.web.Swagger2Controller#getDocumentation(String, HttpServletRequest)]
2021-07-01 10:41:49.818 [main] INFO 
            org.apache.coyote.http11.Http11NioProtocol - Starting ProtocolHandler ["http-nio-8001"]
2021-07-01 10:41:49.840 [main] INFO 
            o.s.boot.web.embedded.tomcat.TomcatWebServer - Tomcat started on port(s): 8001 (http) with context path ''
2021-07-01 10:41:49.841 [main] INFO 
            s.d.s.web.plugins.DocumentationPluginsBootstrapper - Context refreshed
2021-07-01 10:41:49.862 [main] INFO 
            s.d.s.web.plugins.DocumentationPluginsBootstrapper - Found 1 custom documentation plugin(s)
2021-07-01 10:41:49.910 [main] INFO 
            s.d.spring.web.scanners.ApiListingReferenceScanner - Scanning for api listing references
2021-07-01 10:41:50.079 [main] INFO 
            com.atguigu.eduservice.EduApplication - Started EduApplication in 3.753 seconds (JVM running for 4.498)
2021-07-01 10:43:08.024 [http-nio-8001-exec-1] INFO 
            o.a.c.core.ContainerBase.[Tomcat].[localhost].[/] - Initializing Spring DispatcherServlet 'dispatcherServlet'
2021-07-01 10:43:08.024 [http-nio-8001-exec-1] INFO 
            org.springframework.web.servlet.DispatcherServlet - Initializing Servlet 'dispatcherServlet'
2021-07-01 10:43:08.025 [http-nio-8001-exec-1] INFO 
            org.springframework.web.servlet.DispatcherServlet - Completed initialization in 1 ms
2021-07-01 10:54:44.589 [main] INFO 
            com.atguigu.eduservice.EduApplication - Starting EduApplication using Java 1.8.0_271 on hgkhgkhgk with PID 3368 (D:\Idea\guli_parent\service\service_edu\target\classes started by ASUS in D:\Idea\guli_parent)
2021-07-01 10:54:44.592 [main] INFO 
            com.atguigu.eduservice.EduApplication - The following profiles are active: dev
2021-07-01 10:54:45.335 [main] INFO 
            o.s.d.r.config.RepositoryConfigurationDelegate - Multiple Spring Data modules found, entering strict repository configuration mode!
2021-07-01 10:54:45.337 [main] INFO 
            o.s.d.r.config.RepositoryConfigurationDelegate - Bootstrapping Spring Data Redis repositories in DEFAULT mode.
2021-07-01 10:54:45.352 [main] INFO 
            o.s.d.r.config.RepositoryConfigurationDelegate - Finished Spring Data repository scanning in 5 ms. Found 0 Redis repository interfaces.
2021-07-01 10:54:45.730 [main] INFO 
            o.s.boot.web.embedded.tomcat.TomcatWebServer - Tomcat initialized with port(s): 8001 (http)
2021-07-01 10:54:45.737 [main] INFO 
            org.apache.coyote.http11.Http11NioProtocol - Initializing ProtocolHandler ["http-nio-8001"]
2021-07-01 10:54:45.738 [main] INFO 
            org.apache.catalina.core.StandardService - Starting service [Tomcat]
2021-07-01 10:54:45.738 [main] INFO 
            org.apache.catalina.core.StandardEngine - Starting Servlet engine: [Apache Tomcat/9.0.46]
2021-07-01 10:54:45.810 [main] INFO 
            o.a.c.core.ContainerBase.[Tomcat].[localhost].[/] - Initializing Spring embedded WebApplicationContext
2021-07-01 10:54:45.811 [main] INFO 
            o.s.b.w.s.c.ServletWebServerApplicationContext - Root WebApplicationContext: initialization completed in 1171 ms
2021-07-01 10:54:45.963 [main] INFO 
            com.zaxxer.hikari.HikariDataSource - HikariPool-1 - Starting...
2021-07-01 10:54:46.403 [main] INFO 
            com.zaxxer.hikari.HikariDataSource - HikariPool-1 - Start completed.
2021-07-01 10:54:46.768 [main] INFO 
            s.d.s.w.PropertySourcedRequestMappingHandlerMapping - Mapped URL path [/v2/api-docs] onto method [springfox.documentation.swagger2.web.Swagger2Controller#getDocumentation(String, HttpServletRequest)]
2021-07-01 10:54:47.181 [main] INFO 
            org.apache.coyote.http11.Http11NioProtocol - Starting ProtocolHandler ["http-nio-8001"]
2021-07-01 10:54:47.194 [main] INFO 
            o.s.boot.web.embedded.tomcat.TomcatWebServer - Tomcat started on port(s): 8001 (http) with context path ''
2021-07-01 10:54:47.195 [main] INFO 
            s.d.s.web.plugins.DocumentationPluginsBootstrapper - Context refreshed
2021-07-01 10:54:47.205 [main] INFO 
            s.d.s.web.plugins.DocumentationPluginsBootstrapper - Found 1 custom documentation plugin(s)
2021-07-01 10:54:47.241 [main] INFO 
            s.d.spring.web.scanners.ApiListingReferenceScanner - Scanning for api listing references
2021-07-01 10:54:47.362 [main] INFO 
            com.atguigu.eduservice.EduApplication - Started EduApplication in 3.191 seconds (JVM running for 3.96)
2021-07-01 10:55:35.867 [http-nio-8001-exec-1] INFO 
            o.a.c.core.ContainerBase.[Tomcat].[localhost].[/] - Initializing Spring DispatcherServlet 'dispatcherServlet'
2021-07-01 10:55:35.867 [http-nio-8001-exec-1] INFO 
            org.springframework.web.servlet.DispatcherServlet - Initializing Servlet 'dispatcherServlet'
2021-07-01 10:55:35.868 [http-nio-8001-exec-1] INFO 
            org.springframework.web.servlet.DispatcherServlet - Completed initialization in 1 ms
